/usr/sbin/mysqld, Version: 8.0.28 (MySQL Community Server - GPL). started with:
Tcp port: 0  Unix socket: /var/run/mysqld/mysqld.sock
Time                 Id Command    Argument
/usr/sbin/mysqld, Version: 8.0.28 (MySQL Community Server - GPL). started with:
Tcp port: 0  Unix socket: /var/run/mysqld/mysqld.sock
Time                 Id Command    Argument
# Time: 2022-03-19T12:28:27.410553+09:00
# User@Host: root[root] @ localhost []  Id:     8
# Query_time: 1.073966  Lock_time: 0.000005 Rows_sent: 0  Rows_examined: 0
use mysql;
SET timestamp=1647660506;
INSERT INTO time_zone_name (Name, Time_zone_id) VALUES ('posix/Africa/Malabo', @time_zone_id);
# Time: 2022-03-19T12:28:34.620348+09:00
# User@Host: root[root] @ localhost []  Id:     8
# Query_time: 2.092911  Lock_time: 0.000003 Rows_sent: 0  Rows_examined: 0
SET timestamp=1647660512;
INSERT INTO time_zone_transition (Time_zone_id, Transition_time, Transition_type_id) VALUES
 (@time_zone_id, -2147483648, 2)
,(@time_zone_id, -1691964000, 1)
,(@time_zone_id, -1680472800, 2)
,(@time_zone_id, -1664143200, 1)
,(@time_zone_id, -1650146400, 2)
,(@time_zone_id, -1633903200, 1)
,(@time_zone_id, -1617487200, 2)
,(@time_zone_id, -1601848800, 1)
,(@time_zone_id, -1586037600, 2)
,(@time_zone_id, -1570399200, 1)
,(@time_zone_id, -1552168800, 2)
,(@time_zone_id, -1538344800, 1)
,(@time_zone_id, -1522533600, 2)
,(@time_zone_id, -1507500000, 1)
,(@time_zone_id, -1490565600, 2)
,(@time_zone_id, -1473631200, 1)
,(@time_zone_id, -1460930400, 2)
,(@time_zone_id, -1442786400, 1)
,(@time_zone_id, -1428876000, 2)
,(@time_zone_id, -1410732000, 1)
,(@time_zone_id, -1396216800, 2)
,(@time_zone_id, -1379282400, 1)
,(@time_zone_id, -1364767200, 2)
,(@time_zone_id, -1348437600, 1)
,(@time_zone_id, -1333317600, 2)
,(@time_zone_id, -1315778400, 1)
,(@time_zone_id, -1301263200, 2)
,(@time_zone_id, -1284328800, 1)
,(@time_zone_id, -1269813600, 2)
,(@time_zone_id, -1253484000, 1)
,(@time_zone_id, -1238364000, 2)
,(@time_zone_id, -1221429600, 1)
,(@time_zone_id, -1206914400, 2)
,(@time_zone_id, -1189980000, 1)
,(@time_zone_id, -1175464800, 2)
,(@time_zone_id, -1159135200, 1)
,(@time_zone_id, -1143410400, 2)
,(@time_zone_id, -1126476000, 1)
,(@time_zone_id, -1111960800, 2)
,(@time_zone_id, -1095631200, 1)
,(@time_zone_id, -1080511200, 2)
,(@time_zone_id, -1063576800, 1)
,(@time_zone_id, -1049061600, 2)
,(@time_zone_id, -1032127200, 1)
,(@time_zone_id, -1017612000, 2)
,(@time_zone_id, -1001282400, 1)
,(@time_zone_id, -986162400, 2)
,(@time_zone_id, -969228000, 1)
,(@time_zone_id, -950479200, 2)
,(@time_zone_id, -942012000, 1)
,(@time_zone_id, -904518000, 3)
,(@time_zone_id, -896050800, 1)
,(@time_zone_id, -875487600, 3)
,(@time_zone_id, -864601200, 1)
,(@time_zone_id, -844038000, 3)
,(@time_zone_id, -832546800, 1)
,(@time_zone_id, -812588400, 3)
,(@time_zone_id, -798073200, 1)
,(@time_zone_id, -781052400, 3)
,(@time_zone_id, -772066800, 1)
,(@time_zone_id, -764805600, 2)
,(@time_zone_id, -748476000, 1)
,(@time_zone_id, -733356000, 2)
,(@time_zone_id, -719445600, 1)
,(@time_zone_id, -717030000, 3)
,(@time_zone_id, -706748400, 1)
,(@time_zone_id, -699487200, 2)
,(@time_zone_id, -687996000, 1)
,(@time_zone_id, -668037600, 2)
,(@time_zone_id, -654732000, 1)
,(@time_zone_id, -636588000, 2)
,(@time_zone_id, -622072800, 1)
,(@time_zone_id, -605743200, 2)
,(@time_zone_id, -590623200, 1)
,(@time_zone_id, -574293600, 2)
,(@time_zone_id, -558568800, 1)
,(@time_zone_id, -542239200, 2)
,(@time_zone_id, -527119200, 1)
,(@time_zone_id, -512604000, 2)
,(@time_zone_id, -496274400, 1)
,(@time_zone_id, -481154400, 2)
,(@time_zone_id, -464220000, 1)
,(@time_zone_id, -449704800, 2)
,(@time_zone_id, -432165600, 1)
,(@time_zone_id, -417650400, 2)
,(@time_zone_id, -401320800, 1)
,(@time_zone_id, -386200800, 2)
,(@time_zone_id, -369266400, 1)
,(@time_zone_id, -354751200, 2)
,(@time_zone_id, -337816800, 1)
,(@time_zone_id, -323301600, 2)
,(@time_zone_id, -306972000, 1)
,(@time_zone_id, -291852000, 2)
,(@time_zone_id, -276732000, 1)
,(@time_zone_id, -257983200, 2)
,(@time_zone_id, -245282400, 1)
,(@time_zone_id, -226533600, 2)
,(@time_zone_id, -213228000, 1)
,(@time_zone_id, -195084000, 2)
,(@time_zone_id, -182383200, 1)
,(@time_zone_id, -163634400, 2)
,(@time_zone_id, -150933600, 1)
,(@time_zone_id, -132184800, 2)
,(@time_zone_id, -119484000, 1)
,(@time_zone_id, -100735200, 2)
,(@time_zone_id, -88034400, 1)
,(@time_zone_id, -68680800, 2)
,(@time_zone_id, -59004000, 1)
,(@time_zone_id, -37242000, 4)
,(@time_zone_id, 57722400, 6)
,(@time_zone_id, 69818400, 1)
,(@time_zone_id, 89172000, 2)
,(@time_zone_id, 101268000, 1)
,(@time_zone_id, 120621600, 2)
,(@time_zone_id, 132717600, 1)
,(@time_zone_id, 152071200, 2)
,(@time_zone_id, 164167200, 1)
,(@time_zone_id, 183520800, 2)
,(@time_zone_id, 196221600, 1)
,(@time_zone_id, 214970400, 2)
,(@time_zone_id, 227671200, 1)
,(@time_zone_id, 246420000, 2)
,(@time_zone_id, 259120800, 1)
,(@time_zone_id, 278474400, 2)
,(@time_zone_id, 290570400, 1)
,(@time_zone_id, 309924000, 2)
,(@time_zone_id, 322020000, 1)
,(@time_zone_id, 341373600, 2)
,(@time_zone_id, 354675600, 5)
,(@time_zone_id, 372819600, 6)
,(@time_zone_id, 386125200, 5)
,(@time_zone_id, 404269200, 6)
,(@time_zone_id, 417574800, 5)
,(@time_zone_id, 435718800, 6)
,(@time_zone_id, 449024400, 5)
,(@time_zone_id, 467773200, 6)
,(@time_zone_id, 481078800, 5)
,(@time_zone_id, 499222800, 6)
,(@time_zone_id, 512528400, 5)
,(@time_zone_id, 530672400, 6)
,(@time_zone_id, 543978000, 5)
,(@time_zone_id, 562122000, 6)
,(@time_zone_id, 575427600, 5)
,(@time_zone_id, 593571600, 6)
,(@time_zone_id, 606877200, 5)
,(@time_zone_id, 625626000, 6)
,(@time_zone_id, 638326800, 5)
,(@time_zone_id, 657075600, 6)
,(@time_zone_id, 670381200, 5)
,(@time_zone_id, 688525200, 6)
,(@time_zone_id, 701830800, 5)
,(@time_zone_id, 719974800, 6)
,(@time_zone_id, 733280400, 5)
,(@time_zone_id, 751424400, 6)
,(@time_zone_id, 764730000, 5)
,(@time_zone_id, 782874000, 6)
,(@time_zone_id, 796179600, 5)
,(@time_zone_id, 814323600, 6)
,(@time_zone_id, 820454400, 7)
,(@time_zone_id, 828234000, 5)
,(@time_zone_id, 846378000, 6)
,(@time_zone_id, 859683600, 5)
,(@time_zone_id, 877827600, 6)
,(@time_zone_id, 891133200, 5)
,(@time_zone_id, 909277200, 6)
,(@time_zone_id, 922582800, 5)
,(@time_zone_id, 941331600, 6)
,(@time_zone_id, 954032400, 5)
,(@time_zone_id, 972781200, 6)
,(@time_zone_id, 985482000, 5)
,(@time_zone_id, 1004230800, 6)
,(@time_zone_id, 1017536400, 5)
,(@time_zone_id, 1035680400, 6)
,(@time_zone_id, 1048986000, 5)
,(@time_zone_id, 1067130000, 6)
,(@time_zone_id, 1080435600, 5)
,(@time_zone_id, 1099184400, 6)
,(@time_zone_id, 1111885200, 5)
,(@time_zone_id, 1130634000, 6)
,(@time_zone_id, 1143334800, 5)
,(@time_zone_id, 1162083600, 6)
,(@time_zone_id, 1174784400, 5)
,(@time_zone_id, 1193533200, 6)
,(@time_zone_id, 1206838800, 5)
,(@time_zone_id, 1224982800, 6)
,(@time_zone_id, 1238288400, 5)
,(@time_zone_id, 1256432400, 6)
,(@time_zone_id, 1269738000, 5)
,(@time_zone_id, 1288486800, 6)
,(@time_zone_id, 1301187600, 5)
,(@time_zone_id, 1319936400, 6)
,(@time_zone_id, 1332637200, 5)
,(@time_zone_id, 1351386000, 6)
,(@time_zone_id, 1364691600, 5)
,(@time_zone_id, 1382835600, 6)
,(@time_zone_id, 1396141200, 5)
,(@time_zone_id, 1414285200, 6)
,(@time_zone_id, 1427590800, 5)
,(@time_zone_id, 1445734800, 6)
,(@time_zone_id, 1459040400, 5)
,(@time_zone_id, 1477789200, 6)
,(@time_zone_id, 1490490000, 5)
,(@time_zone_id, 1509238800, 6)
,(@time_zone_id, 1521939600, 5)
,(@time_zone_id, 1540688400, 6)
,(@time_zone_id, 1553994000, 5)
,(@time_zone_id, 1572138000, 6)
,(@time_zone_id, 1585443600, 5)
,(@time_zone_id, 1603587600, 6)
,(@time_zone_id, 1616893200, 5)
,(@time_zone_id, 1635642000, 6)
,(@time_zone_id, 1648342800, 5)
,(@time_zone_id, 1667091600, 6)
,(@time_zone_id, 1679792400, 5)
,(@time_zone_id, 1698541200, 6)
,(@time_zone_id, 1711846800, 5)
,(@time_zone_id, 1729990800, 6)
,(@time_zone_id, 1743296400, 5)
,(@time_zone_id, 1761440400, 6)
,(@time_zone_id, 1774746000, 5)
,(@time_zone_id, 1792890000, 6)
,(@time_zone_id, 1806195600, 5)
,(@time_zone_id, 1824944400, 6)
,(@time_zone_id, 1837645200, 5)
,(@time_zone_id, 1856394000, 6)
,(@time_zone_id, 1869094800, 5)
,(@time_zone_id, 1887843600, 6)
,(@time_zone_id, 1901149200, 5)
,(@time_zone_id, 1919293200, 6)
,(@time_zone_id, 1932598800, 5)
,(@time_zone_id, 1950742800, 6)
,(@time_zone_id, 1964048400, 5)
,(@time_zone_id, 1982797200, 6)
,(@time_zone_id, 1995498000, 5)
,(@time_zone_id, 2014246800, 6)
,(@time_zone_id, 2026947600, 5)
,(@time_zone_id, 2045696400, 6)
,(@time_zone_id, 2058397200, 5)
,(@time_zone_id, 2077146000, 6)
,(@time_zone_id, 2090451600, 5)
,(@time_zone_id, 2108595600, 6)
,(@time_zone_id, 2121901200, 5)
,(@time_zone_id, 2140045200, 6);
# Time: 2022-03-19T12:28:46.270986+09:00
# User@Host: root[root] @ localhost []  Id:     8
# Query_time: 5.591324  Lock_time: 0.000002 Rows_sent: 0  Rows_examined: 0
SET timestamp=1647660520;
INSERT INTO time_zone_transition (Time_zone_id, Transition_time, Transition_type_id) VALUES
 (@time_zone_id, -2147483648, 2)
,(@time_zone_id, -1691884800, 1)
,(@time_zone_id, -1680573600, 2)
,(@time_zone_id, -927511200, 1)
,(@time_zone_id, -857257200, 3)
,(@time_zone_id, -844556400, 4)
,(@time_zone_id, -828226800, 3)
,(@time_zone_id, -812502000, 4)
,(@time_zone_id, -796777200, 3)
,(@time_zone_id, -781052400, 4)
,(@time_zone_id, -765327600, 3)
,(@time_zone_id, -340844400, 4)
,(@time_zone_id, -324514800, 3)
,(@time_zone_id, -308790000, 4)
,(@time_zone_id, -293065200, 3)
,(@time_zone_id, -277340400, 4)
,(@time_zone_id, -261615600, 3)
,(@time_zone_id, -245890800, 4)
,(@time_zone_id, -230166000, 3)
,(@time_zone_id, -214441200, 4)
,(@time_zone_id, -198716400, 3)
,(@time_zone_id, -182991600, 4)
,(@time_zone_id, -166662000, 3)
,(@time_zone_id, -147913200, 4)
,(@time_zone_id, -135212400, 3)
,(@time_zone_id, 315529208, 2)
,(@time_zone_id, 323830809, 5)
,(@time_zone_id, 338950809, 6)
,(@time_zone_id, 354675609, 5)
,(@time_zone_id, 370400410, 6)
,(@time_zone_id, 386125210, 5)
,(@time_zone_id, 401850011, 6)
,(@time_zone_id, 417574811, 5)
,(@time_zone_id, 433299612, 6)
,(@time_zone_id, 449024412, 5)
,(@time_zone_id, 465354012, 6)
,(@time_zone_id, 481078812, 5)
,(@time_zone_id, 496803613, 6)
,(@time_zone_id, 512528413, 5)
,(@time_zone_id, 528253213, 6)
,(@time_zone_id, 543978013, 5)
,(@time_zone_id, 559702813, 6)
,(@time_zone_id, 575427614, 5)
,(@time_zone_id, 591152414, 6)
,(@time_zone_id, 606877214, 5)
,(@time_zone_id, 622602014, 6)
,(@time_zone_id, 638326815, 5)
,(@time_zone_id, 654656415, 6)
,(@time_zone_id, 670381216, 5)
,(@time_zone_id, 686106016, 6)
,(@time_zone_id, 701830816, 5)
,(@time_zone_id, 717555617, 6)
,(@time_zone_id, 733280417, 5)
,(@time_zone_id, 749005218, 6)
,(@time_zone_id, 764730018, 5)
,(@time_zone_id, 780454819, 6)
,(@time_zone_id, 796179619, 5)
,(@time_zone_id, 811904419, 6)
,(@time_zone_id, 828234020, 5)
,(@time_zone_id, 846378020, 6)
,(@time_zone_id, 859683620, 5)
,(@time_zone_id, 877827621, 6)
,(@time_zone_id, 891133221, 5)
,(@time_zone_id, 909277221, 6)
,(@time_zone_id, 922582822, 5)
,(@time_zone_id, 941331622, 6)
,(@time_zone_id, 954032422, 5)
,(@time_zone_id, 972781222, 6)
,(@time_zone_id, 985482022, 5)
,(@time_zone_id, 1004230822, 6)
,(@time_zone_id, 1017536422, 5)
,(@time_zone_id, 1035680422, 6)
,(@time_zone_id, 1048986022, 5)
,(@time_zone_id, 1067130022, 6)
,(@time_zone_id, 1080435622, 5)
,(@time_zone_id, 1099184422, 6)
,(@time_zone_id, 1111885222, 5)
,(@time_zone_id, 1130634022, 6)
,(@time_zone_id, 1143334823, 5)
,(@time_zone_id, 1162083623, 6)
,(@time_zone_id, 1174784423, 5)
,(@time_zone_id, 1193533223, 6)
,(@time_zone_id, 1206838823, 5)
,(@time_zone_id, 1224982823, 6)
,(@time_zone_id, 1238288424, 5)
,(@time_zone_id, 1256432424, 6)
,(@time_zone_id, 1269738024, 5)
,(@time_zone_id, 1288486824, 6)
,(@time_zone_id, 1301187624, 5)
,(@time_zone_id, 1319936424, 6)
,(@time_zone_id, 1332637224, 5)
,(@time_zone_id, 1351386025, 6)
,(@time_zone_id, 1364691625, 5)
,(@time_zone_id, 1382835625, 6)
,(@time_zone_id, 1396141225, 5)
,(@time_zone_id, 1414285225, 6)
,(@time_zone_id, 1427590825, 5)
,(@time_zone_id, 1445734826, 6)
,(@time_zone_id, 1459040426, 5)
,(@time_zone_id, 1477789226, 6)
,(@time_zone_id, 1490490027, 5)
,(@time_zone_id, 1509238827, 6)
,(@time_zone_id, 1521939627, 5)
,(@time_zone_id, 1540688427, 6)
,(@time_zone_id, 1553994027, 5)
,(@time_zone_id, 1572138027, 6)
,(@time_zone_id, 1585443627, 5)
,(@time_zone_id, 1603587627, 6)
,(@time_zone_id, 1616893227, 5)
,(@time_zone_id, 1635642027, 6)
,(@time_zone_id, 1648342827, 5)
,(@time_zone_id, 1667091627, 6)
,(@time_zone_id, 1679792427, 5)
,(@time_zone_id, 1698541227, 6)
,(@time_zone_id, 1711846827, 5)
,(@time_zone_id, 1729990827, 6)
,(@time_zone_id, 1743296427, 5)
,(@time_zone_id, 1761440427, 6)
,(@time_zone_id, 1774746027, 5)
,(@time_zone_id, 1792890027, 6)
,(@time_zone_id, 1806195627, 5)
,(@time_zone_id, 1824944427, 6)
,(@time_zone_id, 1837645227, 5)
,(@time_zone_id, 1856394027, 6)
,(@time_zone_id, 1869094827, 5)
,(@time_zone_id, 1887843627, 6)
,(@time_zone_id, 1901149227, 5)
,(@time_zone_id, 1919293227, 6)
,(@time_zone_id, 1932598827, 5)
,(@time_zone_id, 1950742827, 6)
,(@time_zone_id, 1964048427, 5)
,(@time_zone_id, 1982797227, 6)
,(@time_zone_id, 1995498027, 5)
,(@time_zone_id, 2014246827, 6)
,(@time_zone_id, 2026947627, 5)
,(@time_zone_id, 2045696427, 6)
,(@time_zone_id, 2058397227, 5)
,(@time_zone_id, 2077146027, 6)
,(@time_zone_id, 2090451627, 5)
,(@time_zone_id, 2108595627, 6)
,(@time_zone_id, 2121901227, 5)
,(@time_zone_id, 2140045227, 6);
/usr/sbin/mysqld, Version: 8.0.28 (MySQL Community Server - GPL). started with:
Tcp port: 3306  Unix socket: /var/run/mysqld/mysqld.sock
Time                 Id Command    Argument
