2022-03-19T12:27:32.799587+09:00 0 [Warning] [MY-010918] [Server] 'default_authentication_plugin' is deprecated and will be removed in a future release. Please use authentication_policy instead.
2022-03-19T12:27:32.799621+09:00 0 [System] [MY-013169] [Server] /usr/sbin/mysqld (mysqld 8.0.28) initializing of server in progress as process 44
2022-03-19T12:27:32.824063+09:00 1 [System] [MY-013576] [InnoDB] InnoDB initialization has started.
2022-03-19T12:27:33.599849+09:00 1 [System] [MY-013577] [InnoDB] InnoDB initialization has ended.
2022-03-19T12:27:35.599507+09:00 6 [Warning] [MY-010453] [Server] root@localhost is created with an empty password ! Please consider switching off the --initialize-insecure option.
2022-03-19T12:27:57.754651+09:00 0 [Warning] [MY-010918] [Server] 'default_authentication_plugin' is deprecated and will be removed in a future release. Please use authentication_policy instead.
2022-03-19T12:27:57.754679+09:00 0 [System] [MY-010116] [Server] /usr/sbin/mysqld (mysqld 8.0.28) starting as process 93
2022-03-19T12:27:57.796384+09:00 1 [System] [MY-013576] [InnoDB] InnoDB initialization has started.
2022-03-19T12:28:06.121272+09:00 1 [System] [MY-013577] [InnoDB] InnoDB initialization has ended.
2022-03-19T12:28:17.766946+09:00 0 [Warning] [MY-010068] [Server] CA certificate ca.pem is self signed.
2022-03-19T12:28:17.768560+09:00 0 [System] [MY-013602] [Server] Channel mysql_main configured to support TLS. Encrypted connections are now supported for this channel.
2022-03-19T12:28:17.775121+09:00 0 [Warning] [MY-011810] [Server] Insecure configuration for --pid-file: Location '/var/run/mysqld' in the path is accessible to all OS users. Consider choosing a different directory.
2022-03-19T12:28:17.814593+09:00 0 [System] [MY-011323] [Server] X Plugin ready for connections. Socket: /var/run/mysqld/mysqlx.sock
2022-03-19T12:28:17.815089+09:00 0 [System] [MY-010931] [Server] /usr/sbin/mysqld: ready for connections. Version: '8.0.28'  socket: '/var/run/mysqld/mysqld.sock'  port: 0  MySQL Community Server - GPL.
2022-03-19T12:28:52.817277+09:00 13 [System] [MY-013172] [Server] Received SHUTDOWN from user root. Shutting down mysqld (Version: 8.0.28).
2022-03-19T12:28:54.299130+09:00 0 [System] [MY-010910] [Server] /usr/sbin/mysqld: Shutdown complete (mysqld 8.0.28)  MySQL Community Server - GPL.
2022-03-19T12:28:55.114708+09:00 0 [Warning] [MY-010918] [Server] 'default_authentication_plugin' is deprecated and will be removed in a future release. Please use authentication_policy instead.
2022-03-19T12:28:55.114733+09:00 0 [System] [MY-010116] [Server] /usr/sbin/mysqld (mysqld 8.0.28) starting as process 1
2022-03-19T12:28:55.139365+09:00 1 [System] [MY-013576] [InnoDB] InnoDB initialization has started.
2022-03-19T12:28:57.266731+09:00 1 [System] [MY-013577] [InnoDB] InnoDB initialization has ended.
2022-03-19T12:28:58.090627+09:00 0 [Warning] [MY-010068] [Server] CA certificate ca.pem is self signed.
2022-03-19T12:28:58.092155+09:00 0 [System] [MY-013602] [Server] Channel mysql_main configured to support TLS. Encrypted connections are now supported for this channel.
2022-03-19T12:28:58.096175+09:00 0 [Warning] [MY-011810] [Server] Insecure configuration for --pid-file: Location '/var/run/mysqld' in the path is accessible to all OS users. Consider choosing a different directory.
2022-03-19T12:28:58.133742+09:00 0 [System] [MY-011323] [Server] X Plugin ready for connections. Bind-address: '::' port: 33060, socket: /var/run/mysqld/mysqlx.sock
2022-03-19T12:28:58.134363+09:00 0 [System] [MY-010931] [Server] /usr/sbin/mysqld: ready for connections. Version: '8.0.28'  socket: '/var/run/mysqld/mysqld.sock'  port: 3306  MySQL Community Server - GPL.
2022-03-19T12:29:20.245908+09:00 8 [Warning] [MY-010055] [Server] IP address '172.22.0.1' could not be resolved: Name or service not known
mbind: Operation not permitted
mbind: Operation not permitted
mbind: Operation not permitted
mbind: Operation not permitted
mbind: Operation not permitted
